Build started 16.11.2014 23:42:48.
     1>Project "C:\Users\MarianAlexandru\Dropbox\egc_bkp\tema2_backup_3\tema2\lab2\lab2.vcxproj" on node 2 (Build target(s)).
     1>ClCompile:
         C:\Program Files (x86)\Microsoft Visual Studio 11.0\VC\bin\CL.exe /c /Idependente /ZI /nologo /W3 /WX- /Od /Oy- /D _MBCS /Gm /EHsc /RTC1 /MDd /GS /fp:precise /Zc:wchar_t /Zc:forScope /Fo"Debug\\" /Fd"Debug\vc110.pdb" /Gd /TP /analyze- /errorReport:prompt Background.cpp main.cpp
         main.cpp
     1>c:\users\marianalexandru\dropbox\egc_bkp\tema2_backup_3\tema2\lab2\framework\object2d.h(23): warning C4018: '<' : signed/unsigned mismatch
     1>c:\users\marianalexandru\dropbox\egc_bkp\tema2_backup_3\tema2\lab2\framework\object3d.h(18): warning C4018: '<' : signed/unsigned mismatch
     1>c:\users\marianalexandru\dropbox\egc_bkp\tema2_backup_3\tema2\lab2\framework\object3d.h(37): warning C4018: '<' : signed/unsigned mismatch
     1>c:\users\marianalexandru\dropbox\egc_bkp\tema2_backup_3\tema2\lab2\framework\object3d.h(42): warning C4018: '<' : signed/unsigned mismatch
     1>c:\users\marianalexandru\dropbox\egc_bkp\tema2_backup_3\tema2\lab2\framework\object3d.h(55): warning C4018: '<' : signed/unsigned mismatch
     1>c:\users\marianalexandru\dropbox\egc_bkp\tema2_backup_3\tema2\lab2\framework\object3d.h(60): warning C4018: '<' : signed/unsigned mismatch
     1>c:\users\marianalexandru\dropbox\egc_bkp\tema2_backup_3\tema2\lab2\framework\circle2d.h(24): warning C4244: '=' : conversion from 'double' to 'float', possible loss of data
     1>c:\users\marianalexandru\dropbox\egc_bkp\tema2_backup_3\tema2\lab2\framework\circle2d.h(48): warning C4244: '=' : conversion from 'double' to 'float', possible loss of data
     1>c:\users\marianalexandru\dropbox\egc_bkp\tema2_backup_3\tema2\lab2\main.cpp(81): warning C4305: 'argument' : truncation from 'double' to 'float'
     1>c:\users\marianalexandru\dropbox\egc_bkp\tema2_backup_3\tema2\lab2\main.cpp(94): warning C4244: 'argument' : conversion from 'int' to 'float', possible loss of data
     1>c:\users\marianalexandru\dropbox\egc_bkp\tema2_backup_3\tema2\lab2\main.cpp(112): warning C4305: 'argument' : truncation from 'double' to 'float'
     1>c:\users\marianalexandru\dropbox\egc_bkp\tema2_backup_3\tema2\lab2\main.cpp(115): warning C4305: 'argument' : truncation from 'double' to 'float'
     1>c:\users\marianalexandru\dropbox\egc_bkp\tema2_backup_3\tema2\lab2\main.cpp(117): warning C4305: 'argument' : truncation from 'double' to 'float'
     1>c:\users\marianalexandru\dropbox\egc_bkp\tema2_backup_3\tema2\lab2\main.cpp(165): warning C4305: 'argument' : truncation from 'double' to 'float'
     1>c:\users\marianalexandru\dropbox\egc_bkp\tema2_backup_3\tema2\lab2\main.cpp(221): warning C4244: 'argument' : conversion from 'int' to 'float', possible loss of data
     1>c:\users\marianalexandru\dropbox\egc_bkp\tema2_backup_3\tema2\lab2\main.cpp(221): warning C4305: 'argument' : truncation from 'double' to 'float'
     1>c:\users\marianalexandru\dropbox\egc_bkp\tema2_backup_3\tema2\lab2\main.cpp(227): warning C4244: 'argument' : conversion from 'int' to 'float', possible loss of data
     1>c:\users\marianalexandru\dropbox\egc_bkp\tema2_backup_3\tema2\lab2\main.cpp(227): warning C4305: 'argument' : truncation from 'double' to 'float'
     1>c:\users\marianalexandru\dropbox\egc_bkp\tema2_backup_3\tema2\lab2\main.cpp(263): warning C4305: 'argument' : truncation from 'double' to 'float'
     1>c:\users\marianalexandru\dropbox\egc_bkp\tema2_backup_3\tema2\lab2\main.cpp(276): warning C4244: 'argument' : conversion from 'double' to 'float', possible loss of data
     1>c:\users\marianalexandru\dropbox\egc_bkp\tema2_backup_3\tema2\lab2\main.cpp(277): warning C4244: 'argument' : conversion from 'double' to 'float', possible loss of data
     1>c:\users\marianalexandru\dropbox\egc_bkp\tema2_backup_3\tema2\lab2\main.cpp(278): warning C4244: 'argument' : conversion from 'double' to 'float', possible loss of data
     1>c:\users\marianalexandru\dropbox\egc_bkp\tema2_backup_3\tema2\lab2\main.cpp(280): warning C4244: 'argument' : conversion from 'int' to 'float', possible loss of data
     1>c:\users\marianalexandru\dropbox\egc_bkp\tema2_backup_3\tema2\lab2\main.cpp(280): warning C4305: 'argument' : truncation from 'double' to 'float'
     1>c:\users\marianalexandru\dropbox\egc_bkp\tema2_backup_3\tema2\lab2\main.cpp(285): warning C4244: 'argument' : conversion from 'double' to 'float', possible loss of data
     1>c:\users\marianalexandru\dropbox\egc_bkp\tema2_backup_3\tema2\lab2\main.cpp(286): warning C4244: 'argument' : conversion from 'double' to 'float', possible loss of data
     1>c:\users\marianalexandru\dropbox\egc_bkp\tema2_backup_3\tema2\lab2\main.cpp(287): warning C4244: 'argument' : conversion from 'double' to 'float', possible loss of data
     1>c:\users\marianalexandru\dropbox\egc_bkp\tema2_backup_3\tema2\lab2\main.cpp(289): warning C4244: 'argument' : conversion from 'int' to 'float', possible loss of data
     1>c:\users\marianalexandru\dropbox\egc_bkp\tema2_backup_3\tema2\lab2\main.cpp(289): warning C4305: 'argument' : truncation from 'double' to 'float'
     1>c:\users\marianalexandru\dropbox\egc_bkp\tema2_backup_3\tema2\lab2\main.cpp(308): warning C4305: 'initializing' : truncation from 'double' to 'float'
     1>c:\users\marianalexandru\dropbox\egc_bkp\tema2_backup_3\tema2\lab2\main.cpp(314): warning C4244: 'argument' : conversion from 'int' to 'float', possible loss of data
     1>c:\users\marianalexandru\dropbox\egc_bkp\tema2_backup_3\tema2\lab2\main.cpp(393): warning C4244: '+=' : conversion from 'double' to 'float', possible loss of data
     1>c:\users\marianalexandru\dropbox\egc_bkp\tema2_backup_3\tema2\lab2\main.cpp(394): warning C4244: '+=' : conversion from 'double' to 'float', possible loss of data
     1>c:\users\marianalexandru\dropbox\egc_bkp\tema2_backup_3\tema2\lab2\main.cpp(401): warning C4244: '-=' : conversion from 'double' to 'float', possible loss of data
     1>c:\users\marianalexandru\dropbox\egc_bkp\tema2_backup_3\tema2\lab2\main.cpp(402): warning C4244: '-=' : conversion from 'double' to 'float', possible loss of data
         Background.cpp
     1>c:\users\marianalexandru\dropbox\egc_bkp\tema2_backup_3\tema2\lab2\framework\object2d.h(23): warning C4018: '<' : signed/unsigned mismatch
     1>c:\users\marianalexandru\dropbox\egc_bkp\tema2_backup_3\tema2\lab2\framework\object3d.h(18): warning C4018: '<' : signed/unsigned mismatch
     1>c:\users\marianalexandru\dropbox\egc_bkp\tema2_backup_3\tema2\lab2\framework\object3d.h(37): warning C4018: '<' : signed/unsigned mismatch
     1>c:\users\marianalexandru\dropbox\egc_bkp\tema2_backup_3\tema2\lab2\framework\object3d.h(42): warning C4018: '<' : signed/unsigned mismatch
     1>c:\users\marianalexandru\dropbox\egc_bkp\tema2_backup_3\tema2\lab2\framework\object3d.h(55): warning C4018: '<' : signed/unsigned mismatch
     1>c:\users\marianalexandru\dropbox\egc_bkp\tema2_backup_3\tema2\lab2\framework\object3d.h(60): warning C4018: '<' : signed/unsigned mismatch
     1>c:\users\marianalexandru\dropbox\egc_bkp\tema2_backup_3\tema2\lab2\framework\circle2d.h(24): warning C4244: '=' : conversion from 'double' to 'float', possible loss of data
     1>c:\users\marianalexandru\dropbox\egc_bkp\tema2_backup_3\tema2\lab2\framework\circle2d.h(48): warning C4244: '=' : conversion from 'double' to 'float', possible loss of data
         Generating Code...
       Link:
         C:\Program Files (x86)\Microsoft Visual Studio 11.0\VC\bin\link.exe /ERRORREPORT:PROMPT /OUT:"C:\Users\MarianAlexandru\Dropbox\egc_bkp\tema2_backup_3\tema2\Debug\Tema2.exe" /INCREMENTAL /NOLOGO /LIBPATH:dependente freeglut.lib kernel32.lib user32.lib gdi32.lib winspool.lib comdlg32.lib advapi32.lib shell32.lib ole32.lib oleaut32.lib uuid.lib odbc32.lib odbccp32.lib /MANIFEST /MANIFESTUAC:"level='asInvoker' uiAccess='false'" /manifest:embed /DEBUG /PDB:"C:\Users\MarianAlexandru\Dropbox\egc_bkp\tema2_backup_3\tema2\Debug\Tema2.pdb" /TLBID:1 /DYNAMICBASE /NXCOMPAT /IMPLIB:"C:\Users\MarianAlexandru\Dropbox\egc_bkp\tema2_backup_3\tema2\Debug\Tema2.lib" /MACHINE:X86 Debug\Background.obj
         Debug\DrawingWindow.obj
         Debug\Transform2D.obj
         Debug\Transform3D.obj
         Debug\Visual2D.obj
         Debug\House.obj
         Debug\main.obj
         lab2.vcxproj -> C:\Users\MarianAlexandru\Dropbox\egc_bkp\tema2_backup_3\tema2\Debug\Tema2.exe
     1>Done Building Project "C:\Users\MarianAlexandru\Dropbox\egc_bkp\tema2_backup_3\tema2\lab2\lab2.vcxproj" (Build target(s)).

Build succeeded.

Time Elapsed 00:00:04.00
