C:\USERS\MARIANALEXANDRU\DROPBOX\FACULTATE\AN III\SEMESTRUL I\EGC\LAB3_EGC_STUDENT_ALEX\LAB2\DEBUG\DRAWINGWINDOW.OBJ
C:\USERS\MARIANALEXANDRU\DROPBOX\FACULTATE\AN III\SEMESTRUL I\EGC\LAB3_EGC_STUDENT_ALEX\LAB2\DEBUG\TRANSFORM2D.OBJ
C:\USERS\MARIANALEXANDRU\DROPBOX\FACULTATE\AN III\SEMESTRUL I\EGC\LAB3_EGC_STUDENT_ALEX\LAB2\DEBUG\TRANSFORM3D.OBJ
C:\USERS\MARIANALEXANDRU\DROPBOX\FACULTATE\AN III\SEMESTRUL I\EGC\LAB3_EGC_STUDENT_ALEX\LAB2\DEBUG\VISUAL2D.OBJ
C:\USERS\MARIANALEXANDRU\DROPBOX\FACULTATE\AN III\SEMESTRUL I\EGC\LAB3_EGC_STUDENT_ALEX\LAB2\DEBUG\MAIN.OBJ
C:\USERS\MARIANALEXANDRU\DROPBOX\FACULTATE\AN III\SEMESTRUL I\EGC\LAB3_EGC_STUDENT_ALEX\LAB2\DEBUG\VC110.PDB
C:\USERS\MARIANALEXANDRU\DOCUMENTS\VISUAL STUDIO 2012\PROJECTS\TEMA2\LAB2\DEBUG\DRAWINGWINDOW.OBJ
C:\USERS\MARIANALEXANDRU\DOCUMENTS\VISUAL STUDIO 2012\PROJECTS\TEMA2\LAB2\DEBUG\TRANSFORM2D.OBJ
C:\USERS\MARIANALEXANDRU\DOCUMENTS\VISUAL STUDIO 2012\PROJECTS\TEMA2\LAB2\DEBUG\TRANSFORM3D.OBJ
C:\USERS\MARIANALEXANDRU\DOCUMENTS\VISUAL STUDIO 2012\PROJECTS\TEMA2\LAB2\DEBUG\VISUAL2D.OBJ
C:\USERS\MARIANALEXANDRU\DOCUMENTS\VISUAL STUDIO 2012\PROJECTS\TEMA2\LAB2\DEBUG\MAIN.OBJ
C:\USERS\MARIANALEXANDRU\DOCUMENTS\VISUAL STUDIO 2012\PROJECTS\TEMA2\LAB2\DEBUG\VC110.PDB
C:\USERS\MARIANALEXANDRU\DOCUMENTS\VISUAL STUDIO 2012\PROJECTS\TEMA2\LAB2\DEBUG\BACKGROUND.OBJ
C:\USERS\MARIANALEXANDRU\DOCUMENTS\VISUAL STUDIO 2012\PROJECTS\TEMA2\LAB2\DEBUG\HOUSE.OBJ
C:\USERS\MARIANALEXANDRU\DROPBOX\FACULTATE\AN III\SEMESTRUL I\EGC\LAB3_EGC_STUDENT_ALEX\DEBUG\LAB2.ILK
C:\USERS\MARIANALEXANDRU\DROPBOX\FACULTATE\AN III\SEMESTRUL I\EGC\LAB3_EGC_STUDENT_ALEX\DEBUG\LAB2.EXE
C:\USERS\MARIANALEXANDRU\DROPBOX\FACULTATE\AN III\SEMESTRUL I\EGC\LAB3_EGC_STUDENT_ALEX\DEBUG\LAB2.PDB
C:\Users\MarianAlexandru\Documents\Visual Studio 2012\Projects\tema2\lab2\Debug\Background.obj
C:\Users\MarianAlexandru\Documents\Visual Studio 2012\Projects\tema2\lab2\Debug\DrawingWindow.obj
C:\Users\MarianAlexandru\Documents\Visual Studio 2012\Projects\tema2\lab2\Debug\House.obj
C:\Users\MarianAlexandru\Documents\Visual Studio 2012\Projects\tema2\lab2\Debug\main.obj
C:\Users\MarianAlexandru\Documents\Visual Studio 2012\Projects\tema2\lab2\Debug\Transform2D.obj
C:\Users\MarianAlexandru\Documents\Visual Studio 2012\Projects\tema2\lab2\Debug\Transform3D.obj
C:\Users\MarianAlexandru\Documents\Visual Studio 2012\Projects\tema2\lab2\Debug\Visual2D.obj
C:\Users\MarianAlexandru\Documents\Visual Studio 2012\Projects\tema2\lab2\Debug\cl.command.1.tlog
C:\Users\MarianAlexandru\Documents\Visual Studio 2012\Projects\tema2\lab2\Debug\CL.read.1.tlog
C:\Users\MarianAlexandru\Documents\Visual Studio 2012\Projects\tema2\lab2\Debug\CL.write.1.tlog
C:\Users\MarianAlexandru\Documents\Visual Studio 2012\Projects\tema2\lab2\Debug\link-cvtres.read.1.tlog
C:\Users\MarianAlexandru\Documents\Visual Studio 2012\Projects\tema2\lab2\Debug\link-cvtres.write.1.tlog
C:\Users\MarianAlexandru\Documents\Visual Studio 2012\Projects\tema2\lab2\Debug\link-rc.read.1.tlog
C:\Users\MarianAlexandru\Documents\Visual Studio 2012\Projects\tema2\lab2\Debug\link-rc.write.1.tlog
C:\Users\MarianAlexandru\Documents\Visual Studio 2012\Projects\tema2\lab2\Debug\link.1176-cvtres.read.1.tlog
C:\Users\MarianAlexandru\Documents\Visual Studio 2012\Projects\tema2\lab2\Debug\link.1176-cvtres.write.1.tlog
C:\Users\MarianAlexandru\Documents\Visual Studio 2012\Projects\tema2\lab2\Debug\link.1176-rc.read.1.tlog
C:\Users\MarianAlexandru\Documents\Visual Studio 2012\Projects\tema2\lab2\Debug\link.1176-rc.write.1.tlog
C:\Users\MarianAlexandru\Documents\Visual Studio 2012\Projects\tema2\lab2\Debug\link.1176.read.1.tlog
C:\Users\MarianAlexandru\Documents\Visual Studio 2012\Projects\tema2\lab2\Debug\link.1176.write.1.tlog
C:\Users\MarianAlexandru\Documents\Visual Studio 2012\Projects\tema2\lab2\Debug\link.1240-cvtres.read.1.tlog
C:\Users\MarianAlexandru\Documents\Visual Studio 2012\Projects\tema2\lab2\Debug\link.1240-cvtres.write.1.tlog
C:\Users\MarianAlexandru\Documents\Visual Studio 2012\Projects\tema2\lab2\Debug\link.1240-rc.read.1.tlog
C:\Users\MarianAlexandru\Documents\Visual Studio 2012\Projects\tema2\lab2\Debug\link.1240-rc.write.1.tlog
C:\Users\MarianAlexandru\Documents\Visual Studio 2012\Projects\tema2\lab2\Debug\link.1240.read.1.tlog
C:\Users\MarianAlexandru\Documents\Visual Studio 2012\Projects\tema2\lab2\Debug\link.1240.write.1.tlog
C:\Users\MarianAlexandru\Documents\Visual Studio 2012\Projects\tema2\lab2\Debug\link.1548-cvtres.read.1.tlog
C:\Users\MarianAlexandru\Documents\Visual Studio 2012\Projects\tema2\lab2\Debug\link.1548-cvtres.write.1.tlog
C:\Users\MarianAlexandru\Documents\Visual Studio 2012\Projects\tema2\lab2\Debug\link.1548-rc.read.1.tlog
C:\Users\MarianAlexandru\Documents\Visual Studio 2012\Projects\tema2\lab2\Debug\link.1548-rc.write.1.tlog
C:\Users\MarianAlexandru\Documents\Visual Studio 2012\Projects\tema2\lab2\Debug\link.1548.read.1.tlog
C:\Users\MarianAlexandru\Documents\Visual Studio 2012\Projects\tema2\lab2\Debug\link.1548.write.1.tlog
C:\Users\MarianAlexandru\Documents\Visual Studio 2012\Projects\tema2\lab2\Debug\link.4476-cvtres.read.1.tlog
C:\Users\MarianAlexandru\Documents\Visual Studio 2012\Projects\tema2\lab2\Debug\link.4476-cvtres.write.1.tlog
C:\Users\MarianAlexandru\Documents\Visual Studio 2012\Projects\tema2\lab2\Debug\link.4476-rc.read.1.tlog
C:\Users\MarianAlexandru\Documents\Visual Studio 2012\Projects\tema2\lab2\Debug\link.4476-rc.write.1.tlog
C:\Users\MarianAlexandru\Documents\Visual Studio 2012\Projects\tema2\lab2\Debug\link.4476.read.1.tlog
C:\Users\MarianAlexandru\Documents\Visual Studio 2012\Projects\tema2\lab2\Debug\link.4476.write.1.tlog
C:\Users\MarianAlexandru\Documents\Visual Studio 2012\Projects\tema2\lab2\Debug\link.4672-cvtres.read.1.tlog
C:\Users\MarianAlexandru\Documents\Visual Studio 2012\Projects\tema2\lab2\Debug\link.4672-cvtres.write.1.tlog
C:\Users\MarianAlexandru\Documents\Visual Studio 2012\Projects\tema2\lab2\Debug\link.4672-rc.read.1.tlog
C:\Users\MarianAlexandru\Documents\Visual Studio 2012\Projects\tema2\lab2\Debug\link.4672-rc.write.1.tlog
C:\Users\MarianAlexandru\Documents\Visual Studio 2012\Projects\tema2\lab2\Debug\link.4672.read.1.tlog
C:\Users\MarianAlexandru\Documents\Visual Studio 2012\Projects\tema2\lab2\Debug\link.4672.write.1.tlog
C:\Users\MarianAlexandru\Documents\Visual Studio 2012\Projects\tema2\lab2\Debug\link.6468-cvtres.read.1.tlog
C:\Users\MarianAlexandru\Documents\Visual Studio 2012\Projects\tema2\lab2\Debug\link.6468-cvtres.write.1.tlog
C:\Users\MarianAlexandru\Documents\Visual Studio 2012\Projects\tema2\lab2\Debug\link.6468-rc.read.1.tlog
C:\Users\MarianAlexandru\Documents\Visual Studio 2012\Projects\tema2\lab2\Debug\link.6468-rc.write.1.tlog
C:\Users\MarianAlexandru\Documents\Visual Studio 2012\Projects\tema2\lab2\Debug\link.6468.read.1.tlog
C:\Users\MarianAlexandru\Documents\Visual Studio 2012\Projects\tema2\lab2\Debug\link.6468.write.1.tlog
C:\Users\MarianAlexandru\Documents\Visual Studio 2012\Projects\tema2\lab2\Debug\link.6492-cvtres.read.1.tlog
C:\Users\MarianAlexandru\Documents\Visual Studio 2012\Projects\tema2\lab2\Debug\link.6492-cvtres.write.1.tlog
C:\Users\MarianAlexandru\Documents\Visual Studio 2012\Projects\tema2\lab2\Debug\link.6492-rc.read.1.tlog
C:\Users\MarianAlexandru\Documents\Visual Studio 2012\Projects\tema2\lab2\Debug\link.6492-rc.write.1.tlog
C:\Users\MarianAlexandru\Documents\Visual Studio 2012\Projects\tema2\lab2\Debug\link.6492.read.1.tlog
C:\Users\MarianAlexandru\Documents\Visual Studio 2012\Projects\tema2\lab2\Debug\link.6492.write.1.tlog
C:\Users\MarianAlexandru\Documents\Visual Studio 2012\Projects\tema2\lab2\Debug\link.7512-cvtres.read.1.tlog
C:\Users\MarianAlexandru\Documents\Visual Studio 2012\Projects\tema2\lab2\Debug\link.7512-cvtres.write.1.tlog
C:\Users\MarianAlexandru\Documents\Visual Studio 2012\Projects\tema2\lab2\Debug\link.7512-rc.read.1.tlog
C:\Users\MarianAlexandru\Documents\Visual Studio 2012\Projects\tema2\lab2\Debug\link.7512-rc.write.1.tlog
C:\Users\MarianAlexandru\Documents\Visual Studio 2012\Projects\tema2\lab2\Debug\link.7512.read.1.tlog
C:\Users\MarianAlexandru\Documents\Visual Studio 2012\Projects\tema2\lab2\Debug\link.7512.write.1.tlog
C:\Users\MarianAlexandru\Documents\Visual Studio 2012\Projects\tema2\lab2\Debug\link.7780-cvtres.read.1.tlog
C:\Users\MarianAlexandru\Documents\Visual Studio 2012\Projects\tema2\lab2\Debug\link.7780-cvtres.write.1.tlog
C:\Users\MarianAlexandru\Documents\Visual Studio 2012\Projects\tema2\lab2\Debug\link.7780-rc.read.1.tlog
C:\Users\MarianAlexandru\Documents\Visual Studio 2012\Projects\tema2\lab2\Debug\link.7780-rc.write.1.tlog
C:\Users\MarianAlexandru\Documents\Visual Studio 2012\Projects\tema2\lab2\Debug\link.7780.read.1.tlog
C:\Users\MarianAlexandru\Documents\Visual Studio 2012\Projects\tema2\lab2\Debug\link.7780.write.1.tlog
C:\Users\MarianAlexandru\Documents\Visual Studio 2012\Projects\tema2\lab2\Debug\link.8060-cvtres.read.1.tlog
C:\Users\MarianAlexandru\Documents\Visual Studio 2012\Projects\tema2\lab2\Debug\link.8060-cvtres.write.1.tlog
C:\Users\MarianAlexandru\Documents\Visual Studio 2012\Projects\tema2\lab2\Debug\link.8060-rc.read.1.tlog
C:\Users\MarianAlexandru\Documents\Visual Studio 2012\Projects\tema2\lab2\Debug\link.8060-rc.write.1.tlog
C:\Users\MarianAlexandru\Documents\Visual Studio 2012\Projects\tema2\lab2\Debug\link.8060.read.1.tlog
C:\Users\MarianAlexandru\Documents\Visual Studio 2012\Projects\tema2\lab2\Debug\link.8060.write.1.tlog
C:\Users\MarianAlexandru\Documents\Visual Studio 2012\Projects\tema2\lab2\Debug\link.command.1.tlog
C:\Users\MarianAlexandru\Documents\Visual Studio 2012\Projects\tema2\lab2\Debug\link.read.1.tlog
C:\Users\MarianAlexandru\Documents\Visual Studio 2012\Projects\tema2\lab2\Debug\link.write.1.tlog
C:\Users\MarianAlexandru\Documents\Visual Studio 2012\Projects\tema2\lab2\Debug\vc110.idb
C:\Users\MarianAlexandru\Documents\Visual Studio 2012\Projects\tema2\lab2\Debug\vc110.pdb
C:\Users\MarianAlexandru\Documents\Visual Studio 2012\Projects\tema2\Debug\Tema2.pdb
